0 info it worked if it ends with ok
1 verbose cli [ 'C:\\Program Files\\nodejs\\node.exe',
1 verbose cli   'C:\\Program Files\\nodejs\\node_modules\\npm\\bin\\npm-cli.js',
1 verbose cli   'run',
1 verbose cli   'start' ]
2 info using npm@3.10.3
3 info using node@v6.3.1
4 verbose run-script [ 'prestart', 'start', 'poststart' ]
5 info lifecycle node-red@0.15.2~prestart: node-red@0.15.2
6 silly lifecycle node-red@0.15.2~prestart: no script for prestart, continuing
7 info lifecycle node-red@0.15.2~start: node-red@0.15.2
8 verbose lifecycle node-red@0.15.2~start: unsafe-perm in lifecycle true
9 verbose lifecycle node-red@0.15.2~start: PATH: C:\Program Files\nodejs\node_modules\npm\bin\node-gyp-bin;C:\workspace\SmartCityWorkshop\server\node_modules\.bin;C:\Program Files\nodejs;C:\ProgramData\Oracle\Java\javapath;C:\Windows\system32;C:\Windows;C:\Windows\System32\Wbem;C:\Windows\System32\WindowsPowerShell\v1.0\;C:\Program Files (x86)\NVIDIA Corporation\PhysX\Common;C:\Program Files\Git\cmd;C:\Program Files (x86)\phantomjs-2.1.1-windows\bin;C:\Program Files (x86)\Skype\Phone\;C:\Python27;C:\Python27\Scripts;C:\Program Files (x86)\OpenSSH\bin;C:\Program Files (x86)\Heroku\bin;C:\Program Files (x86)\git\cmd;C:\Program Files (x86)\Git\cmd;C:\Program Files\PostgreSQL\9.5\bin;C:\Program Files (x86)\PharosSystems\Core;C:\WINDOWS\system32;C:\WINDOWS;C:\WINDOWS\System32\Wbem;C:\WINDOWS\System32\WindowsPowerShell\v1.0\;C:\Program Files\nodejs\;C:\Program Files (x86)\GtkSharp\2.12\bin;C:\RailsInstaller\Ruby2.2.0\bin;C:\Users\captainwhale52\AppData\Local\atom\bin;C:\Users\captainwhale52\AppData\Local\Microsoft\WindowsApps;C:\Users\captainwhale52\AppData\Roaming\npm;C:\Program Files\MongoDB\Server\3.2\bin;C:\Program Files\Java\jdk1.8.0_101\bin;C:\xampp\mysql\bin;C:\Program Files\Redis;C:\cygwin64\bin
10 verbose lifecycle node-red@0.15.2~start: CWD: C:\workspace\SmartCityWorkshop\server
11 silly lifecycle node-red@0.15.2~start: Args: [ '/d /s /c', 'node red.js -s ./flows/settings.js' ]
12 silly lifecycle node-red@0.15.2~start: Returned: code: 3221225725  signal: null
13 info lifecycle node-red@0.15.2~start: Failed to exec start script
14 verbose stack Error: node-red@0.15.2 start: `node red.js -s ./flows/settings.js`
14 verbose stack Exit status 3221225725
14 verbose stack     at EventEmitter.<anonymous> (C:\Program Files\nodejs\node_modules\npm\lib\utils\lifecycle.js:242:16)
14 verbose stack     at emitTwo (events.js:106:13)
14 verbose stack     at EventEmitter.emit (events.js:191:7)
14 verbose stack     at ChildProcess.<anonymous> (C:\Program Files\nodejs\node_modules\npm\lib\utils\spawn.js:40:14)
14 verbose stack     at emitTwo (events.js:106:13)
14 verbose stack     at ChildProcess.emit (events.js:191:7)
14 verbose stack     at maybeClose (internal/child_process.js:852:16)
14 verbose stack     at Process.ChildProcess._handle.onexit (internal/child_process.js:215:5)
15 verbose pkgid node-red@0.15.2
16 verbose cwd C:\workspace\SmartCityWorkshop\server
17 error Windows_NT 10.0.14393
18 error argv "C:\\Program Files\\nodejs\\node.exe" "C:\\Program Files\\nodejs\\node_modules\\npm\\bin\\npm-cli.js" "run" "start"
19 error node v6.3.1
20 error npm  v3.10.3
21 error code ELIFECYCLE
22 error node-red@0.15.2 start: `node red.js -s ./flows/settings.js`
22 error Exit status 3221225725
23 error Failed at the node-red@0.15.2 start script 'node red.js -s ./flows/settings.js'.
23 error Make sure you have the latest version of node.js and npm installed.
23 error If you do, this is most likely a problem with the node-red package,
23 error not with npm itself.
23 error Tell the author that this fails on your system:
23 error     node red.js -s ./flows/settings.js
23 error You can get information on how to open an issue for this project with:
23 error     npm bugs node-red
23 error Or if that isn't available, you can get their info via:
23 error     npm owner ls node-red
23 error There is likely additional logging output above.
24 verbose exit [ 1, true ]
